Arguments: 
  E:\Software\nodejs\node.exe E:\Software\Yarn\bin\yarn.js add ,.app4.js

PATH: 
  E:\Software\cmder\vendor\git-for-windows\mingw64\bin;E:\Software\cmder\vendor\git-for-windows\usr\bin;C:\Users\19770\bin;C:\Program Files (x86)\Intel\iCLS Client;C:\Program Files\Intel\iCLS Client;C:\Windows\system32;C:\Windows;C:\Windows\System32\Wbem;C:\Windows\System32\WindowsPowerShell\v1.0;C:\Program Files (x86)\Intel\Intel(R) Management Engine Components\DAL;C:\Program Files\Intel\Intel(R) Management Engine Components\DAL;C:\Program Files (x86)\Intel\Intel(R) Management Engine Components\IPT;C:\Program Files\Intel\Intel(R) Management Engine Components\IPT;C:\Program Files\Intel\WiFi\bin;C:\Program Files\Common Files\Intel\WirelessCommon;C:\Program Files (x86)\NVIDIA Corporation\PhysX\Common;E:\Software\nodejs;E:\Software\yarn\bin;E:\Software\nodejs;E:\Software\Yarn\bin;E:\Software\hugo;%SystemRoot%\system32;%SystemRoot%;%SystemRoot%\System32\Wbem;%SYSTEMROOT%\System32\WindowsPowerShell\v1.0;%SYSTEMROOT%\System32\OpenSSH;C:\Users\19770\AppData\Local\Microsoft\WindowsApps;C:\Users\19770\AppData\Local\Programs\Microsoft VS Code\bin;C:\Users\19770\AppData\Roaming\npm;C:\Users\19770\AppData\Local\Yarn\bin

Yarn version: 
  1.19.1

Node version: 
  8.16.2

Platform: 
  win32 x64

Trace: 
  Error: https://registry.npm.taobao.org/,.app4.js: Not found
      at Request.params.callback [as _callback] (E:\Software\Yarn\lib\cli.js:66035:18)
      at Request.self.callback (E:\Software\Yarn\lib\cli.js:140564:22)
      at emitTwo (events.js:126:13)
      at Request.emit (events.js:214:7)
      at Request.<anonymous> (E:\Software\Yarn\lib\cli.js:141536:10)
      at emitOne (events.js:116:13)
      at Request.emit (events.js:211:7)
      at IncomingMessage.<anonymous> (E:\Software\Yarn\lib\cli.js:141458:12)
      at Object.onceWrapper (events.js:313:30)
      at emitNone (events.js:111:20)

npm manifest: 
  {
    "name": "MVC",
    "version": "1.0.0",
    "main": "index.js",
    "license": "MIT",
    "dependencies": {
      "jquery": "^3.4.1"
    }
  }

yarn manifest: 
  No manifest

Lockfile: 
  # THIS IS AN AUTOGENERATED FILE. DO NOT EDIT THIS FILE DIRECTLY.
  # yarn lockfile v1
  
  
  jquery@^3.4.1:
    version "3.4.1"
    resolved "https://registry.npm.taobao.org/jquery/download/jquery-3.4.1.tgz#714f1f8d9dde4bdfa55764ba37ef214630d80ef2"
    integrity sha1-cU8fjZ3eS9+lV2S6N+8hRjDYDvI=
